<?xml version="1.0" encoding="UTF-8"?>
<dataset>
    <multiple_tree id="1" tree="10" lft="1" rgt="2" depth="0" name="Root"/>
</dataset>
